data/build/outputs/logs/manifest-merger-debug-report.txt
-- Merging decision tree log ---
manifest
ADDED from src/main/AndroidManifest.xml:1:1-40
INJECTED from src/main/AndroidManifest.xml:1:1-40
INJECTED from src/main/AndroidManifest.xml:1:1-40
INJECTED from src/main/AndroidManifest.xml:1:1-40
INJECTED from src/main/AndroidManifest.xml:1:1-40
INJECTED from src/main/AndroidManifest.xml:1:1-40
INJECTED from src/main/AndroidManifest.xml:1:1-40
	package
		ADDED from src/main/AndroidManifest.xml:1:11-37
		INJECTED from src/main/AndroidManifest.xml
		INJECTED from src/main/AndroidManifest.xml
	android:versionName
		INJECTED from src/main/AndroidManifest.xml
		ADDED from src/main/AndroidManifest.xml:1:1-40
		INJECTED from src/main/AndroidManifest.xml
	xmlns:android
		ADDED from src/main/AndroidManifest.xml:1:1-40
	android:versionCode
		INJECTED from src/main/AndroidManifest.xml
		ADDED from src/main/AndroidManifest.xml:1:1-40
		INJECTED from src/main/AndroidManifest.xml